{"name":"loginTest","status":"broken","statusDetails":{"known":false,"muted":false,"flaky":false,"message":"Unable to locate element: //input[@value='Login']\nFor documentation on this error, please visit: https://selenium.dev/exceptions/#no_such_element\nBuild info: version: '4.0.0', revision: '3a21814679'\nSystem info: host: 'DESKTOP-AGV8FAU', ip: '192.168.1.34', os.name: 'Windows 10', os.arch: 'amd64', os.version: '10.0', java.version: '11.0.12'\nDriver info: org.openqa.selenium.firefox.FirefoxDriver\nCommand: [ec5f7bff-1c0d-44f4-936a-d3f87d13eeba, findElement {using=xpath, value=//input[@value='Login']}]\nCapabilities {acceptInsecureCerts: true, browserName: firefox, browserVersion: 103.0.2, javascriptEnabled: true, moz:accessibilityChecks: false, moz:buildID: 20220808125904, moz:debuggerAddress: localhost:49997, moz:geckodriverVersion: 0.31.0, moz:headless: false, moz:platformVersion: 10.0, moz:processID: 25948, moz:profile: C:\\Users\\UC501980\\AppData\\L..., moz:shutdownTimeout: 60000, moz:useNonSpecCompliantPointerOrigin: false, moz:webdriverClick: true, moz:windowless: false, pageLoadStrategy: normal, platform: WINDOWS, platformName: WINDOWS, proxy: Proxy(), se:cdp: ws://localhost:49997/devtoo..., se:cdpVersion: 85, setWindowRect: true, strictFileInteractability: false, timeouts: {implicit: 0, pageLoad: 300000, script: 30000}, unhandledPromptBehavior: dismiss and notify}\nSession ID: ec5f7bff-1c0d-44f4-936a-d3f87d13eeba","trace":"org.openqa.selenium.NoSuchElementException: Unable to locate element: //input[@value='Login']\nFor documentation on this error, please visit: https://selenium.dev/exceptions/#no_such_element\nBuild info: version: '4.0.0', revision: '3a21814679'\nSystem info: host: 'DESKTOP-AGV8FAU', ip: '192.168.1.34', os.name: 'Windows 10', os.arch: 'amd64', os.version: '10.0', java.version: '11.0.12'\nDriver info: org.openqa.selenium.firefox.FirefoxDriver\nCommand: [ec5f7bff-1c0d-44f4-936a-d3f87d13eeba, findElement {using=xpath, value=//input[@value='Login']}]\nCapabilities {acceptInsecureCerts: true, browserName: firefox, browserVersion: 103.0.2, javascriptEnabled: true, moz:accessibilityChecks: false, moz:buildID: 20220808125904, moz:debuggerAddress: localhost:49997, moz:geckodriverVersion: 0.31.0, moz:headless: false, moz:platformVersion: 10.0, moz:processID: 25948, moz:profile: C:\\Users\\UC501980\\AppData\\L..., moz:shutdownTimeout: 60000, moz:useNonSpecCompliantPointerOrigin: false, moz:webdriverClick: true, moz:windowless: false, pageLoadStrategy: normal, platform: WINDOWS, platformName: WINDOWS, proxy: Proxy(), se:cdp: ws://localhost:49997/devtoo..., se:cdpVersion: 85, setWindowRect: true, strictFileInteractability: false, timeouts: {implicit: 0, pageLoad: 300000, script: 30000}, unhandledPromptBehavior: dismiss and notify}\nSession ID: ec5f7bff-1c0d-44f4-936a-d3f87d13eeba\r\n\tat java.base/jdk.internal.reflect.NativeConstructorAccessorImpl.newInstance0(Native Method)\r\n\tat java.base/jdk.internal.reflect.NativeConstructorAccessorImpl.newInstance(NativeConstructorAccessorImpl.java:62)\r\n\tat java.base/jdk.internal.reflect.DelegatingConstructorAccessorImpl.newInstance(DelegatingConstructorAccessorImpl.java:45)\r\n\tat java.base/java.lang.reflect.Constructor.newInstance(Constructor.java:490)\r\n\tat org.openqa.selenium.remote.codec.w3c.W3CHttpResponseCodec.createException(W3CHttpResponseCodec.java:200)\r\n\tat org.openqa.selenium.remote.codec.w3c.W3CHttpResponseCodec.decode(W3CHttpResponseCodec.java:133)\r\n\tat org.openqa.selenium.remote.codec.w3c.W3CHttpResponseCodec.decode(W3CHttpResponseCodec.java:53)\r\n\tat org.openqa.selenium.remote.HttpCommandExecutor.execute(HttpCommandExecutor.java:184)\r\n\tat org.openqa.selenium.remote.service.DriverCommandExecutor.invokeExecute(DriverCommandExecutor.java:164)\r\n\tat org.openqa.selenium.remote.service.DriverCommandExecutor.execute(DriverCommandExecutor.java:139)\r\n\tat org.openqa.selenium.remote.RemoteWebDriver.execute(RemoteWebDriver.java:559)\r\n\tat org.openqa.selenium.remote.ElementLocation$ElementFinder$2.findElement(ElementLocation.java:162)\r\n\tat org.openqa.selenium.remote.ElementLocation.findElement(ElementLocation.java:60)\r\n\tat org.openqa.selenium.remote.RemoteWebDriver.findElement(RemoteWebDriver.java:383)\r\n\tat org.openqa.selenium.remote.RemoteWebDriver.findElement(RemoteWebDriver.java:375)\r\n\tat com.test.utils.ElementUtil.getElement(ElementUtil.java:66)\r\n\tat com.test.utils.ElementUtil.doClick(ElementUtil.java:103)\r\n\tat com.test.appPages.LoginPage.doLogin(LoginPage.java:58)\r\n\tat com.test.testcases.LoginPageTest.loginTest(LoginPageTest.java:55)\r\n\tat java.base/jdk.internal.reflect.NativeMethodAccessorImpl.invoke0(Native Method)\r\n\tat java.base/jdk.internal.reflect.NativeMethodAccessorImpl.invoke(NativeMethodAccessorImpl.java:62)\r\n\tat java.base/jdk.internal.reflect.DelegatingMethodAccessorImpl.invoke(DelegatingMethodAccessorImpl.java:43)\r\n\tat java.base/java.lang.reflect.Method.invoke(Method.java:566)\r\n\tat org.testng.internal.MethodInvocationHelper.invokeMethod(MethodInvocationHelper.java:124)\r\n\tat org.testng.internal.Invoker.invokeMethod(Invoker.java:583)\r\n\tat org.testng.internal.Invoker.invokeTestMethod(Invoker.java:719)\r\n\tat org.testng.internal.Invoker.invokeTestMethods(Invoker.java:989)\r\n\tat org.testng.internal.TestMethodWorker.invokeTestMethods(TestMethodWorker.java:125)\r\n\tat org.testng.internal.TestMethodWorker.run(TestMethodWorker.java:109)\r\n\tat org.testng.TestRunner.privateRun(TestRunner.java:648)\r\n\tat org.testng.TestRunner.run(TestRunner.java:505)\r\n\tat org.testng.SuiteRunner.runTest(SuiteRunner.java:455)\r\n\tat org.testng.SuiteRunner.access$000(SuiteRunner.java:40)\r\n\tat org.testng.SuiteRunner$SuiteWorker.run(SuiteRunner.java:489)\r\n\tat org.testng.internal.thread.ThreadUtil$1.call(ThreadUtil.java:52)\r\n\tat java.base/java.util.concurrent.FutureTask.run(FutureTask.java:264)\r\n\tat java.base/java.util.concurrent.ThreadPoolExecutor.runWorker(ThreadPoolExecutor.java:1128)\r\n\tat java.base/java.util.concurrent.ThreadPoolExecutor$Worker.run(ThreadPoolExecutor.java:628)\r\n\tat java.base/java.lang.Thread.run(Thread.java:834)\r\n"},"stage":"finished","description":"login Test with correct credentials","steps":[{"name":"do login with username: naveenanimation20@gmail.com and password: Selenium12345","status":"broken","statusDetails":{"known":false,"muted":false,"flaky":false,"message":"Unable to locate element: //input[@value='Login']\nFor documentation on this error, please visit: https://selenium.dev/exceptions/#no_such_element\nBuild info: version: '4.0.0', revision: '3a21814679'\nSystem info: host: 'DESKTOP-AGV8FAU', ip: '192.168.1.34', os.name: 'Windows 10', os.arch: 'amd64', os.version: '10.0', java.version: '11.0.12'\nDriver info: org.openqa.selenium.firefox.FirefoxDriver\nCommand: [ec5f7bff-1c0d-44f4-936a-d3f87d13eeba, findElement {using=xpath, value=//input[@value='Login']}]\nCapabilities {acceptInsecureCerts: true, browserName: firefox, browserVersion: 103.0.2, javascriptEnabled: true, moz:accessibilityChecks: false, moz:buildID: 20220808125904, moz:debuggerAddress: localhost:49997, moz:geckodriverVersion: 0.31.0, moz:headless: false, moz:platformVersion: 10.0, moz:processID: 25948, moz:profile: C:\\Users\\UC501980\\AppData\\L..., moz:shutdownTimeout: 60000, moz:useNonSpecCompliantPointerOrigin: false, moz:webdriverClick: true, moz:windowless: false, pageLoadStrategy: normal, platform: WINDOWS, platformName: WINDOWS, proxy: Proxy(), se:cdp: ws://localhost:49997/devtoo..., se:cdpVersion: 85, setWindowRect: true, strictFileInteractability: false, timeouts: {implicit: 0, pageLoad: 300000, script: 30000}, unhandledPromptBehavior: dismiss and notify}\nSession ID: ec5f7bff-1c0d-44f4-936a-d3f87d13eeba","trace":"org.openqa.selenium.NoSuchElementException: Unable to locate element: //input[@value='Login']\nFor documentation on this error, please visit: https://selenium.dev/exceptions/#no_such_element\nBuild info: version: '4.0.0', revision: '3a21814679'\nSystem info: host: 'DESKTOP-AGV8FAU', ip: '192.168.1.34', os.name: 'Windows 10', os.arch: 'amd64', os.version: '10.0', java.version: '11.0.12'\nDriver info: org.openqa.selenium.firefox.FirefoxDriver\nCommand: [ec5f7bff-1c0d-44f4-936a-d3f87d13eeba, findElement {using=xpath, value=//input[@value='Login']}]\nCapabilities {acceptInsecureCerts: true, browserName: firefox, browserVersion: 103.0.2, javascriptEnabled: true, moz:accessibilityChecks: false, moz:buildID: 20220808125904, moz:debuggerAddress: localhost:49997, moz:geckodriverVersion: 0.31.0, moz:headless: false, moz:platformVersion: 10.0, moz:processID: 25948, moz:profile: C:\\Users\\UC501980\\AppData\\L..., moz:shutdownTimeout: 60000, moz:useNonSpecCompliantPointerOrigin: false, moz:webdriverClick: true, moz:windowless: false, pageLoadStrategy: normal, platform: WINDOWS, platformName: WINDOWS, proxy: Proxy(), se:cdp: ws://localhost:49997/devtoo..., se:cdpVersion: 85, setWindowRect: true, strictFileInteractability: false, timeouts: {implicit: 0, pageLoad: 300000, script: 30000}, unhandledPromptBehavior: dismiss and notify}\nSession ID: ec5f7bff-1c0d-44f4-936a-d3f87d13eeba\r\n\tat java.base/jdk.internal.reflect.NativeConstructorAccessorImpl.newInstance0(Native Method)\r\n\tat java.base/jdk.internal.reflect.NativeConstructorAccessorImpl.newInstance(NativeConstructorAccessorImpl.java:62)\r\n\tat java.base/jdk.internal.reflect.DelegatingConstructorAccessorImpl.newInstance(DelegatingConstructorAccessorImpl.java:45)\r\n\tat java.base/java.lang.reflect.Constructor.newInstance(Constructor.java:490)\r\n\tat org.openqa.selenium.remote.codec.w3c.W3CHttpResponseCodec.createException(W3CHttpResponseCodec.java:200)\r\n\tat org.openqa.selenium.remote.codec.w3c.W3CHttpResponseCodec.decode(W3CHttpResponseCodec.java:133)\r\n\tat org.openqa.selenium.remote.codec.w3c.W3CHttpResponseCodec.decode(W3CHttpResponseCodec.java:53)\r\n\tat org.openqa.selenium.remote.HttpCommandExecutor.execute(HttpCommandExecutor.java:184)\r\n\tat org.openqa.selenium.remote.service.DriverCommandExecutor.invokeExecute(DriverCommandExecutor.java:164)\r\n\tat org.openqa.selenium.remote.service.DriverCommandExecutor.execute(DriverCommandExecutor.java:139)\r\n\tat org.openqa.selenium.remote.RemoteWebDriver.execute(RemoteWebDriver.java:559)\r\n\tat org.openqa.selenium.remote.ElementLocation$ElementFinder$2.findElement(ElementLocation.java:162)\r\n\tat org.openqa.selenium.remote.ElementLocation.findElement(ElementLocation.java:60)\r\n\tat org.openqa.selenium.remote.RemoteWebDriver.findElement(RemoteWebDriver.java:383)\r\n\tat org.openqa.selenium.remote.RemoteWebDriver.findElement(RemoteWebDriver.java:375)\r\n\tat com.test.utils.ElementUtil.getElement(ElementUtil.java:66)\r\n\tat com.test.utils.ElementUtil.doClick(ElementUtil.java:103)\r\n\tat com.test.appPages.LoginPage.doLogin(LoginPage.java:58)\r\n\tat com.test.testcases.LoginPageTest.loginTest(LoginPageTest.java:55)\r\n\tat java.base/jdk.internal.reflect.NativeMethodAccessorImpl.invoke0(Native Method)\r\n\tat java.base/jdk.internal.reflect.NativeMethodAccessorImpl.invoke(NativeMethodAccessorImpl.java:62)\r\n\tat java.base/jdk.internal.reflect.DelegatingMethodAccessorImpl.invoke(DelegatingMethodAccessorImpl.java:43)\r\n\tat java.base/java.lang.reflect.Method.invoke(Method.java:566)\r\n\tat org.testng.internal.MethodInvocationHelper.invokeMethod(MethodInvocationHelper.java:124)\r\n\tat org.testng.internal.Invoker.invokeMethod(Invoker.java:583)\r\n\tat org.testng.internal.Invoker.invokeTestMethod(Invoker.java:719)\r\n\tat org.testng.internal.Invoker.invokeTestMethods(Invoker.java:989)\r\n\tat org.testng.internal.TestMethodWorker.invokeTestMethods(TestMethodWorker.java:125)\r\n\tat org.testng.internal.TestMethodWorker.run(TestMethodWorker.java:109)\r\n\tat org.testng.TestRunner.privateRun(TestRunner.java:648)\r\n\tat org.testng.TestRunner.run(TestRunner.java:505)\r\n\tat org.testng.SuiteRunner.runTest(SuiteRunner.java:455)\r\n\tat org.testng.SuiteRunner.access$000(SuiteRunner.java:40)\r\n\tat org.testng.SuiteRunner$SuiteWorker.run(SuiteRunner.java:489)\r\n\tat org.testng.internal.thread.ThreadUtil$1.call(ThreadUtil.java:52)\r\n\tat java.base/java.util.concurrent.FutureTask.run(FutureTask.java:264)\r\n\tat java.base/java.util.concurrent.ThreadPoolExecutor.runWorker(ThreadPoolExecutor.java:1128)\r\n\tat java.base/java.util.concurrent.ThreadPoolExecutor$Worker.run(ThreadPoolExecutor.java:628)\r\n\tat java.base/java.lang.Thread.run(Thread.java:834)\r\n"},"stage":"finished","steps":[],"attachments":[],"parameters":[{"name":"un","value":"naveenanimation20@gmail.com"},{"name":"pwd","value":"Selenium12345"}],"start":1660666534563,"stop":1660666534828}],"attachments":[{"name":"Page screenshot","source":"a2a32467-398b-4ed6-a359-ad10e1540c87-attachment","type":"image/png"},{"name":"loginTest failed and screenshot taken!","source":"72e56bcf-3511-4094-a6a5-c8cbd296b247-attachment","type":"text/plain"}],"parameters":[{"name":"browserversion","value":"83"},{"name":"browser","value":"firefox"}],"start":1660666534425,"stop":1660666535031,"uuid":"ab5e11de-00d9-4751-a683-2942e5b4d4f7","historyId":"16ff894e296352609a55c2548b8035a3","fullName":"com.test.testcases.LoginPageTest.loginTest","labels":[{"name":"package","value":"com.test.testcases.LoginPageTest"},{"name":"testClass","value":"com.test.testcases.LoginPageTest"},{"name":"testMethod","value":"loginTest"},{"name":"parentSuite","value":"Automation Test Suite"},{"name":"suite","value":"Open Cart Login Page Test - ff - 83"},{"name":"subSuite","value":"com.test.testcases.LoginPageTest"},{"name":"host","value":"DESKTOP-AGV8FAU"},{"name":"thread","value":"27276@DESKTOP-AGV8FAU.TestNG-tests-3(17)"},{"name":"framework","value":"testng"},{"name":"language","value":"java"},{"name":"epic","value":"Epic 100: Design Open Cart App - Login Page"},{"name":"story","value":"US 101: Open Cart Login Design with multiple features"},{"name":"severity","value":"blocker"}],"links":[]}